<?xml version="1.0" encoding="utf-8"?><testsuites name="pytest tests"><testsuite name="pytest" errors="0" failures="1" skipped="0" tests="3" time="0.983" timestamp="2026-07-26T19:32:24.552993+00:00" hostname="agent-env-2fec4011-6dcb-4d1e-8a4c-7b4ddd417a79"><testcase classname="backend.tests.test_iter5_regression" name="test_outstanding_shape" time="0.658" /><testcase classname="backend.tests.test_iter5_regression" name="test_dashboard_stats_shape" time="0.142" /><testcase classname="backend.tests.test_iter5_regression" name="test_inventory_analytics_shape" time="0.099"><failure message="AssertionError: total_cost should be &gt; 0 (projection may have dropped cost field!)&#10;assert 0 &gt; 0">backend/tests/test_iter5_regression.py:86: in test_inventory_analytics_shape
    assert d["total_cost"] &gt; 0, "total_cost should be &gt; 0 (projection may have dropped cost field!)"
E   AssertionError: total_cost should be &gt; 0 (projection may have dropped cost field!)
E   assert 0 &gt; 0</failure></testcase></testsuite></testsuites>