<?xml version="1.0" encoding="utf-8"?><testsuites name="pytest tests"><testsuite name="pytest" errors="0" failures="0" skipped="0" tests="3" time="0.893" timestamp="2026-07-26T19:34:09.070150+00:00" hostname="agent-env-2fec4011-6dcb-4d1e-8a4c-7b4ddd417a79"><testcase classname="backend.tests.test_iter5_regression" name="test_outstanding_shape" time="0.604" /><testcase classname="backend.tests.test_iter5_regression" name="test_dashboard_stats_shape" time="0.099" /><testcase classname="backend.tests.test_iter5_regression" name="test_inventory_analytics_shape" time="0.129" /></testsuite></testsuites>