<?xml version="1.0" encoding="utf-8"?><testsuites name="pytest tests"><testsuite name="pytest" errors="0" failures="0" skipped="0" tests="15" time="2.377" timestamp="2026-07-26T18:54:39.915354+00:00" hostname="agent-env-2fec4011-6dcb-4d1e-8a4c-7b4ddd417a79"><testcase classname="tests.test_p1_features.TestInvoices" name="test_seed_count" time="0.568" /><testcase classname="tests.test_p1_features.TestInvoices" name="test_full_crud" time="0.151" /><testcase classname="tests.test_p1_features.TestMeets" name="test_seed_count" time="0.052" /><testcase classname="tests.test_p1_features.TestMeets" name="test_full_crud" time="0.142" /><testcase classname="tests.test_p1_features.TestPettyCash" name="test_seed_count" time="0.047" /><testcase classname="tests.test_p1_features.TestPettyCash" name="test_full_crud" time="0.158" /><testcase classname="tests.test_p1_features.TestOutstanding" name="test_shape" time="0.059" /><testcase classname="tests.test_p1_features.TestOfficeSettings" name="test_get_defaults" time="0.047" /><testcase classname="tests.test_p1_features.TestOfficeSettings" name="test_admin_update" time="0.186" /><testcase classname="tests.test_p1_features.TestOfficeSettings" name="test_nonadmin_cannot_update" time="0.346" /><testcase classname="tests.test_p1_features.TestAttendance" name="test_full_flow" time="0.282" /><testcase classname="tests.test_p1_features.TestAttendance" name="test_check_in_outside_radius" time="0.094" /><testcase classname="tests.test_p1_features.TestAttendance" name="test_nonadmin_cannot_query_other" time="0.094" /><testcase classname="tests.test_p1_features.TestAttendance" name="test_nonadmin_gets_only_own" time="0.044" /><testcase classname="tests.test_p1_features.TestRaghuPerms" name="test_users_forbidden" time="0.046" /></testsuite></testsuites>