<?xml version="1.0" encoding="utf-8"?><testsuites name="pytest tests"><testsuite name="pytest" errors="0" failures="1" skipped="0" tests="23" time="3.834" timestamp="2026-06-22T17:28:16.959342+00:00" hostname="agent-env-2fec4011-6dcb-4d1e-8a4c-7b4ddd417a79"><testcase classname="backend.tests.backend_test.TestAuth" name="test_login_wrong_pin" time="0.563" /><testcase classname="backend.tests.backend_test.TestAuth" name="test_login_admin_returns_token_user" time="0.280" /><testcase classname="backend.tests.backend_test.TestAuth" name="test_login_user_returns_pages" time="0.276" /><testcase classname="backend.tests.backend_test.TestAuth" name="test_me_with_token" time="0.319" /><testcase classname="backend.tests.backend_test.TestAuth" name="test_me_no_token" time="0.051" /><testcase classname="backend.tests.backend_test.TestAuth" name="test_admin_list_users" time="0.052" /><testcase classname="backend.tests.backend_test.TestAuth" name="test_nonadmin_cannot_list_users" time="0.322" /><testcase classname="backend.tests.backend_test.TestSeedData" name="test_seed_counts[visitors-25]" time="0.051" /><testcase classname="backend.tests.backend_test.TestSeedData" name="test_seed_counts[inventory-100]" time="0.061" /><testcase classname="backend.tests.backend_test.TestSeedData" name="test_seed_counts[sales-50]" time="0.058" /><testcase classname="backend.tests.backend_test.TestSeedData" name="test_seed_counts[leads-15]" time="0.052" /><testcase classname="backend.tests.backend_test.TestSeedData" name="test_seed_counts[quotes-15]" time="0.051" /><testcase classname="backend.tests.backend_test.TestSeedData" name="test_seed_counts[architects-10]" time="0.052" /><testcase classname="backend.tests.backend_test.TestSeedData" name="test_seed_counts[tasks-10]" time="0.050" /><testcase classname="backend.tests.backend_test.TestDashboard" name="test_dashboard_stats" time="0.059" /><testcase classname="backend.tests.backend_test.TestDashboard" name="test_inventory_analytics" time="0.058" /><testcase classname="backend.tests.backend_test.TestQuotesCRUD" name="test_full_crud" time="0.258" /><testcase classname="backend.tests.backend_test.TestOtherCRUD" name="test_leads" time="0.162" /><testcase classname="backend.tests.backend_test.TestOtherCRUD" name="test_visitors" time="0.167" /><testcase classname="backend.tests.backend_test.TestOtherCRUD" name="test_tasks" time="0.171" /><testcase classname="backend.tests.backend_test.TestOtherCRUD" name="test_inventory" time="0.183" /><testcase classname="backend.tests.backend_test.TestUserMgmt" name="test_admin_create_update_delete_user" time="0.273"><failure message="AssertionError: Internal Server Error&#10;assert 500 == 200&#10; +  where 500 = &lt;Response [500]&gt;.status_code">backend/tests/backend_test.py:219: in test_admin_create_update_delete_user
    assert r.status_code == 200, r.text
E   AssertionError: Internal Server Error
E   assert 500 == 200
E    +  where 500 = &lt;Response [500]&gt;.status_code</failure></testcase><testcase classname="backend.tests.backend_test.TestUserMgmt" name="test_nonadmin_cannot_create_user" time="0.056" /></testsuite></testsuites>